<?xml version="1.0" encoding="UTF-8"?>
<!-- Generated by org.testng.reporters.JUnitXMLReporter -->
<testsuite ignored="0" hostname="DESKTOP-GAOTPGE" failures="0" tests="2" name="Run on FIREFOX" time="20.92" errors="0" timestamp="25 Mar 2021 07:54:30 GMT">
  <testcase classname="com.nopcommerce.login.Level_03_Register_Login_Page_Object" name="Login_01_Register_To_System" time="7.281"/>
  <testcase classname="com.nopcommerce.login.Level_03_Register_Login_Page_Object" name="Login_02_Login_To_System" time="1.754"/>
</testsuite> <!-- Run on FIREFOX -->
