<?xml version="1.0" encoding="UTF-8"?>
<!-- Generated by org.testng.reporters.JUnitXMLReporter -->
<testsuite ignored="0" hostname="DESKTOP-GAOTPGE" failures="0" tests="5" name="Run on Firefox" time="49.24" errors="0" timestamp="24 Mar 2021 15:19:17 GMT">
  <testcase classname="com.liveguru.login.Level_03_Register_Login_Page_Object" name="Login_01_Empty_Email_And_Password" time="2.456"/>
  <testcase classname="com.liveguru.login.Level_03_Register_Login_Page_Object" name="Login_02_Invalid_Email" time="5.277"/>
  <testcase classname="com.liveguru.login.Level_03_Register_Login_Page_Object" name="Login_03_Invalid_Password" time="5.317"/>
  <testcase classname="com.liveguru.login.Level_03_Register_Login_Page_Object" name="Login_05_Incorrect_Password" time="6.61"/>
  <testcase classname="com.liveguru.login.Level_03_Register_Login_Page_Object" name="Login_06_Valid_Email_And_Password" time="8.034"/>
</testsuite> <!-- Run on Firefox -->
