<?xml version="1.0" encoding="UTF-8"?>
<testng-results ignored="0" total="2" passed="2" failed="0" skipped="0">
  <reporter-output>
  </reporter-output>
  <suite started-at="2021-03-25T07:54:09Z" name="Bank Guru" finished-at="2021-03-25T07:54:30Z" duration-ms="20920">
    <groups>
    </groups>
    <test started-at="2021-03-25T07:54:09Z" name="Run on FIREFOX" finished-at="2021-03-25T07:54:30Z" duration-ms="20920">
      <class name="com.nopcommerce.login.Level_03_Register_Login_Page_Object">
        <test-method is-config="true" signature="initBrowser(java.lang.String)[pri:0, instance:com.nopcommerce.login.Level_03_Register_Login_Page_Object@6c40365c]" started-at="2021-03-25T07:54:09Z" name="initBrowser" finished-at="2021-03-25T07:54:20Z" duration-ms="10798" status="PASS">
          <params>
            <param index="0">
              <value>
                <![CDATA[Firefox]]>
              </value>
            </param>
          </params>
          <reporter-output>
          </reporter-output>
        </test-method> <!-- initBrowser -->
        <test-method signature="Login_01_Register_To_System()[pri:0, instance:com.nopcommerce.login.Level_03_Register_Login_Page_Object@6c40365c]" started-at="2021-03-25T07:54:20Z" name="Login_01_Register_To_System" finished-at="2021-03-25T07:54:27Z" duration-ms="7281" status="PASS">
          <reporter-output>
          </reporter-output>
        </test-method> <!-- Login_01_Register_To_System -->
        <test-method signature="Login_02_Login_To_System()[pri:0, instance:com.nopcommerce.login.Level_03_Register_Login_Page_Object@6c40365c]" started-at="2021-03-25T07:54:27Z" name="Login_02_Login_To_System" finished-at="2021-03-25T07:54:29Z" duration-ms="1754" status="PASS">
          <reporter-output>
          </reporter-output>
        </test-method> <!-- Login_02_Login_To_System -->
        <test-method is-config="true" signature="afterClass()[pri:0, instance:com.nopcommerce.login.Level_03_Register_Login_Page_Object@6c40365c]" started-at="2021-03-25T07:54:29Z" name="afterClass" finished-at="2021-03-25T07:54:30Z" duration-ms="1048" status="PASS">
          <reporter-output>
          </reporter-output>
        </test-method> <!-- afterClass -->
      </class> <!-- com.nopcommerce.login.Level_03_Register_Login_Page_Object -->
    </test> <!-- Run on FIREFOX -->
  </suite> <!-- Bank Guru -->
</testng-results>
